#-----------------------------------------------------------
# Vivado v2017.4 (64-bit)
# SW Build 2086221 on Fri Dec 15 20:55:39 MST 2017
# IP Build 2085800 on Fri Dec 15 22:25:07 MST 2017
# Start of session at: Tue Feb 22 16:58:03 2022
# Process ID: 21160
# Current directory: C:/Users/m_waseem/Semester_project/Semester_project.sim/sim_1/behav/xsim
# Command line: vivado.exe -gui_launcher_event rodinguilauncherevent30108 C:\Users\m_waseem\Semester_project\Semester_project.sim\sim_1\behav\xsim\test1_behav.wdb
# Log file: C:/Users/m_waseem/Semester_project/Semester_project.sim/sim_1/behav/xsim/vivado.log
# Journal file: C:/Users/m_waseem/Semester_project/Semester_project.sim/sim_1/behav/xsim\vivado.jou
#-----------------------------------------------------------
start_gui
open_wave_database {C:\Users\m_waseem\Semester_project\Semester_project.sim\sim_1\behav\xsim\test1_behav.wdb}
INFO: [IP_Flow 19-234] Refreshing IP repositories
INFO: [IP_Flow 19-1704] No user IP repositories specified
INFO: [IP_Flow 19-2313] Loaded Vivado IP repository 'C:/Windows/Vivado/2017.4/data/ip'.
close_sim
INFO: [Simtcl 6-16] Simulation closed
exit
INFO: [Common 17-206] Exiting Vivado at Tue Feb 22 16:58:29 2022...
